[2026-01-16 13:13:40] === MUTSU Login Greeting Starting ===
[2026-01-16 13:13:40] Starting VOICEVOX engine...
[2026-01-16 13:13:56] === MUTSU Login Greeting Starting ===
[2026-01-16 13:13:56] Starting VOICEVOX engine...
[2026-01-16 13:13:58] VOICEVOX engine started successfully!
[2026-01-16 13:13:58] Generating new greeting audio...
[2026-01-16 13:13:58] VOICEVOX engine started successfully!
[2026-01-16 13:13:58] Generating new greeting audio...
[2026-01-16 13:14:03] Generated: /Users/marcoluigi/Mutsu-s-playground/mutsu-home/audio/greeting_13.wav
[2026-01-16 13:14:03] Playing greeting: あら〜、センセイ♡ 今頃起きたの？ だらしないな〜、でも許してあげる♡ エへへ〜
[2026-01-16 13:14:08] Generated: /Users/marcoluigi/Mutsu-s-playground/mutsu-home/audio/greeting_13.wav
[2026-01-16 13:14:08] Playing greeting: あら〜、センセイ♡ 今頃起きたの？ だらしないな〜、でも許してあげる♡ エへへ〜
[2026-01-16 13:14:12] === MUTSU Login Greeting Complete ===
[2026-01-16 13:14:17] === MUTSU Login Greeting Complete ===
[2026-01-16 13:14:22] === MUTSU Login Greeting Starting ===
[2026-01-16 13:14:22] Starting VOICEVOX engine...
[2026-01-16 13:14:23] VOICEVOX engine started successfully!
[2026-01-16 13:14:23] Using cached greeting audio
[2026-01-16 13:14:23] Playing greeting: あら〜、センセイ♡ 今頃起きたの？ だらしないな〜、でも許してあげる♡ エへへ〜
[2026-01-16 13:14:31] === MUTSU Login Greeting Complete ===
[2026-01-16 13:14:36] === MUTSU Login Greeting Starting ===
[2026-01-16 13:14:36] Starting VOICEVOX engine...
[2026-01-16 13:14:38] VOICEVOX engine started successfully!
[2026-01-16 13:14:38] Using cached greeting audio
[2026-01-16 13:14:38] Playing greeting: あら〜、センセイ♡ 今頃起きたの？ だらしないな〜、でも許してあげる♡ エへへ〜
[2026-01-16 13:14:47] === MUTSU Login Greeting Complete ===
[2026-01-16 13:14:52] === MUTSU Login Greeting Starting ===
[2026-01-16 13:14:52] Starting VOICEVOX engine...
[2026-01-16 13:14:53] VOICEVOX engine started successfully!
[2026-01-16 13:14:53] Using cached greeting audio
[2026-01-16 13:14:53] Playing greeting: あら〜、センセイ♡ 今頃起きたの？ だらしないな〜、でも許してあげる♡ エへへ〜
[2026-01-16 13:15:01] === MUTSU Login Greeting Complete ===
[2026-01-16 13:15:06] === MUTSU Login Greeting Starting ===
[2026-01-16 13:15:06] Starting VOICEVOX engine...
[2026-01-16 13:15:07] VOICEVOX engine started successfully!
[2026-01-16 13:15:07] Using cached greeting audio
[2026-01-16 13:15:07] Playing greeting: あら〜、センセイ♡ 今頃起きたの？ だらしないな〜、でも許してあげる♡ エへへ〜
[2026-01-16 13:15:15] === MUTSU Login Greeting Complete ===
[2026-01-16 13:15:20] === MUTSU Login Greeting Starting ===
[2026-01-16 13:15:20] Starting VOICEVOX engine...
[2026-01-16 13:15:22] VOICEVOX engine started successfully!
[2026-01-16 13:15:22] Using cached greeting audio
[2026-01-16 13:15:22] Playing greeting: あら〜、センセイ♡ 今頃起きたの？ だらしないな〜、でも許してあげる♡ エへへ〜
[2026-01-16 13:15:31] === MUTSU Login Greeting Complete ===
[2026-01-16 13:15:36] === MUTSU Login Greeting Starting ===
[2026-01-16 13:15:36] Starting VOICEVOX engine...
[2026-01-16 13:15:38] VOICEVOX engine started successfully!
[2026-01-16 13:15:38] Using cached greeting audio
[2026-01-16 13:15:38] Playing greeting: あら〜、センセイ♡ 今頃起きたの？ だらしないな〜、でも許してあげる♡ エへへ〜
[2026-01-16 13:15:46] === MUTSU Login Greeting Complete ===
[2026-01-16 13:15:51] === MUTSU Login Greeting Starting ===
[2026-01-16 13:15:51] Starting VOICEVOX engine...
[2026-01-16 13:15:52] VOICEVOX engine started successfully!
[2026-01-16 13:15:52] Using cached greeting audio
[2026-01-16 13:15:52] Playing greeting: あら〜、センセイ♡ 今頃起きたの？ だらしないな〜、でも許してあげる♡ エへへ〜
[2026-01-16 13:16:01] === MUTSU Login Greeting Complete ===
[2026-01-16 13:16:06] === MUTSU Login Greeting Starting ===
[2026-01-16 13:16:07] Starting VOICEVOX engine...
[2026-01-16 13:16:09] VOICEVOX engine started successfully!
[2026-01-16 13:16:09] Using cached greeting audio
[2026-01-16 13:16:10] Playing greeting: あら〜、センセイ♡ 今頃起きたの？ だらしないな〜、でも許してあげる♡ エへへ〜
[2026-01-16 13:16:20] === MUTSU Login Greeting Complete ===
[2026-01-16 13:16:25] === MUTSU Login Greeting Starting ===
[2026-01-16 13:16:25] Starting VOICEVOX engine...
[2026-01-16 13:16:27] VOICEVOX engine started successfully!
[2026-01-16 13:16:27] Using cached greeting audio
[2026-01-16 13:16:27] Playing greeting: あら〜、センセイ♡ 今頃起きたの？ だらしないな〜、でも許してあげる♡ エへへ〜
[2026-01-16 13:16:35] === MUTSU Login Greeting Complete ===
[2026-01-16 13:16:40] === MUTSU Login Greeting Starting ===
[2026-01-16 13:16:40] Starting VOICEVOX engine...
[2026-01-16 13:16:42] VOICEVOX engine started successfully!
[2026-01-16 13:16:42] Using cached greeting audio
[2026-01-16 13:16:42] Playing greeting: あら〜、センセイ♡ 今頃起きたの？ だらしないな〜、でも許してあげる♡ エへへ〜
[2026-01-16 13:16:50] === MUTSU Login Greeting Complete ===
[2026-01-16 13:16:55] === MUTSU Login Greeting Starting ===
[2026-01-16 13:16:55] Starting VOICEVOX engine...
[2026-01-16 13:16:56] VOICEVOX engine started successfully!
[2026-01-16 13:16:56] Using cached greeting audio
[2026-01-16 13:16:56] Playing greeting: あら〜、センセイ♡ 今頃起きたの？ だらしないな〜、でも許してあげる♡ エへへ〜
[2026-01-16 13:17:04] === MUTSU Login Greeting Complete ===
[2026-01-16 13:17:09] === MUTSU Login Greeting Starting ===
[2026-01-16 13:17:09] Starting VOICEVOX engine...
[2026-01-16 13:17:11] VOICEVOX engine started successfully!
[2026-01-16 13:17:11] Using cached greeting audio
[2026-01-16 13:17:11] Playing greeting: あら〜、センセイ♡ 今頃起きたの？ だらしないな〜、でも許してあげる♡ エへへ〜
[2026-01-16 13:17:20] === MUTSU Login Greeting Complete ===
[2026-01-16 13:17:25] === MUTSU Login Greeting Starting ===
[2026-01-16 13:17:25] Starting VOICEVOX engine...
[2026-01-16 13:17:26] VOICEVOX engine started successfully!
[2026-01-16 13:17:26] Using cached greeting audio
[2026-01-16 13:17:26] Playing greeting: あら〜、センセイ♡ 今頃起きたの？ だらしないな〜、でも許してあげる♡ エへへ〜
[2026-01-16 13:17:34] === MUTSU Login Greeting Complete ===
[2026-01-16 13:17:39] === MUTSU Login Greeting Starting ===
[2026-01-16 13:17:39] Starting VOICEVOX engine...
[2026-01-16 13:17:41] VOICEVOX engine started successfully!
[2026-01-16 13:17:41] Using cached greeting audio
[2026-01-16 13:17:41] Playing greeting: あら〜、センセイ♡ 今頃起きたの？ だらしないな〜、でも許してあげる♡ エへへ〜
[2026-01-16 13:17:50] === MUTSU Login Greeting Complete ===
[2026-01-16 13:17:55] === MUTSU Login Greeting Starting ===
[2026-01-16 13:17:55] Starting VOICEVOX engine...
[2026-01-16 13:17:56] VOICEVOX engine started successfully!
[2026-01-16 13:17:56] Using cached greeting audio
[2026-01-16 13:17:56] Playing greeting: あら〜、センセイ♡ 今頃起きたの？ だらしないな〜、でも許してあげる♡ エへへ〜
[2026-01-16 13:18:04] === MUTSU Login Greeting Complete ===
[2026-01-16 13:18:09] === MUTSU Login Greeting Starting ===
[2026-01-16 13:18:09] Starting VOICEVOX engine...
[2026-01-16 13:18:11] VOICEVOX engine started successfully!
[2026-01-16 13:18:11] Using cached greeting audio
[2026-01-16 13:18:11] Playing greeting: あら〜、センセイ♡ 今頃起きたの？ だらしないな〜、でも許してあげる♡ エへへ〜
[2026-01-16 13:18:20] === MUTSU Login Greeting Complete ===
[2026-01-16 13:18:25] === MUTSU Login Greeting Starting ===
[2026-01-16 13:18:25] Starting VOICEVOX engine...
[2026-01-16 13:18:26] VOICEVOX engine started successfully!
[2026-01-16 13:18:26] Using cached greeting audio
[2026-01-16 13:18:26] Playing greeting: あら〜、センセイ♡ 今頃起きたの？ だらしないな〜、でも許してあげる♡ エへへ〜
[2026-01-16 13:18:34] === MUTSU Login Greeting Complete ===
[2026-01-16 13:18:39] === MUTSU Login Greeting Starting ===
[2026-01-16 13:18:39] Starting VOICEVOX engine...
[2026-01-16 13:18:41] VOICEVOX engine started successfully!
[2026-01-16 13:18:41] Using cached greeting audio
[2026-01-16 13:18:41] Playing greeting: あら〜、センセイ♡ 今頃起きたの？ だらしないな〜、でも許してあげる♡ エへへ〜
[2026-01-16 13:18:50] === MUTSU Login Greeting Complete ===
[2026-01-16 13:18:55] === MUTSU Login Greeting Starting ===
[2026-01-16 13:18:55] Starting VOICEVOX engine...
[2026-01-16 13:18:57] VOICEVOX engine started successfully!
[2026-01-16 13:18:57] Using cached greeting audio
[2026-01-16 13:18:57] Playing greeting: あら〜、センセイ♡ 今頃起きたの？ だらしないな〜、でも許してあげる♡ エへへ〜
[2026-01-16 13:19:05] === MUTSU Login Greeting Complete ===
[2026-01-16 13:19:10] === MUTSU Login Greeting Starting ===
[2026-01-16 13:19:10] Starting VOICEVOX engine...
[2026-01-16 13:19:14] VOICEVOX engine started successfully!
[2026-01-16 13:19:14] Using cached greeting audio
[2026-01-16 13:19:14] Playing greeting: あら〜、センセイ♡ 今頃起きたの？ だらしないな〜、でも許してあげる♡ エへへ〜
[2026-01-16 13:19:22] === MUTSU Login Greeting Complete ===
[2026-01-16 13:19:27] === MUTSU Login Greeting Starting ===
[2026-01-16 13:19:27] Starting VOICEVOX engine...
[2026-01-16 13:19:29] VOICEVOX engine started successfully!
[2026-01-16 13:19:29] Using cached greeting audio
[2026-01-16 13:19:29] Playing greeting: あら〜、センセイ♡ 今頃起きたの？ だらしないな〜、でも許してあげる♡ エへへ〜
[2026-01-16 13:19:38] === MUTSU Login Greeting Complete ===
[2026-01-16 13:19:43] === MUTSU Login Greeting Starting ===
[2026-01-16 13:19:43] Starting VOICEVOX engine...
[2026-01-16 13:19:45] VOICEVOX engine started successfully!
[2026-01-16 13:19:45] Using cached greeting audio
[2026-01-16 13:19:45] Playing greeting: あら〜、センセイ♡ 今頃起きたの？ だらしないな〜、でも許してあげる♡ エへへ〜
[2026-01-16 13:19:54] === MUTSU Login Greeting Complete ===
[2026-01-16 13:19:59] === MUTSU Login Greeting Starting ===
[2026-01-16 13:19:59] Starting VOICEVOX engine...
[2026-01-16 13:20:00] VOICEVOX engine started successfully!
[2026-01-16 13:20:00] Using cached greeting audio
[2026-01-16 13:20:00] Playing greeting: あら〜、センセイ♡ 今頃起きたの？ だらしないな〜、でも許してあげる♡ エへへ〜
[2026-01-16 13:20:08] === MUTSU Login Greeting Complete ===
[2026-01-16 13:20:13] === MUTSU Login Greeting Starting ===
[2026-01-16 13:20:13] Starting VOICEVOX engine...
[2026-01-16 13:20:15] VOICEVOX engine started successfully!
[2026-01-16 13:20:15] Using cached greeting audio
[2026-01-16 13:20:15] Playing greeting: あら〜、センセイ♡ 今頃起きたの？ だらしないな〜、でも許してあげる♡ エへへ〜
[2026-01-16 13:20:24] === MUTSU Login Greeting Complete ===
[2026-01-16 13:20:29] === MUTSU Login Greeting Starting ===
[2026-01-16 13:20:30] Using cached greeting audio
[2026-01-16 13:20:30] Playing greeting: あら〜、センセイ♡ 今頃起きたの？ だらしないな〜、でも許してあげる♡ エへへ〜
[2026-01-16 13:20:38] === MUTSU Login Greeting Complete ===
[2026-01-16 13:20:43] === MUTSU Login Greeting Starting ===
[2026-01-16 13:20:43] Using cached greeting audio
[2026-01-16 13:20:43] Playing greeting: あら〜、センセイ♡ 今頃起きたの？ だらしないな〜、でも許してあげる♡ エへへ〜
[2026-01-16 13:20:51] === MUTSU Login Greeting Complete ===
[2026-01-16 13:20:56] === MUTSU Login Greeting Starting ===
[2026-01-16 13:20:57] Using cached greeting audio
[2026-01-16 13:20:57] Playing greeting: あら〜、センセイ♡ 今頃起きたの？ だらしないな〜、でも許してあげる♡ エへへ〜
[2026-01-16 13:21:05] === MUTSU Login Greeting Complete ===
[2026-01-16 13:21:10] === MUTSU Login Greeting Starting ===
[2026-01-16 13:21:10] Using cached greeting audio
[2026-01-16 13:21:10] Playing greeting: あら〜、センセイ♡ 今頃起きたの？ だらしないな〜、でも許してあげる♡ エへへ〜
[2026-01-16 13:21:18] === MUTSU Login Greeting Complete ===
[2026-01-16 13:21:23] === MUTSU Login Greeting Starting ===
[2026-01-16 13:21:23] Using cached greeting audio
[2026-01-16 13:21:23] Playing greeting: あら〜、センセイ♡ 今頃起きたの？ だらしないな〜、でも許してあげる♡ エへへ〜
[2026-01-16 13:21:31] === MUTSU Login Greeting Complete ===
[2026-01-16 13:21:36] === MUTSU Login Greeting Starting ===
[2026-01-16 13:21:37] Using cached greeting audio
[2026-01-16 13:21:37] Playing greeting: あら〜、センセイ♡ 今頃起きたの？ だらしないな〜、でも許してあげる♡ エへへ〜
[2026-01-16 13:21:45] === MUTSU Login Greeting Complete ===
[2026-01-16 13:21:50] === MUTSU Login Greeting Starting ===
[2026-01-16 13:21:50] Using cached greeting audio
[2026-01-16 13:21:50] Playing greeting: あら〜、センセイ♡ 今頃起きたの？ だらしないな〜、でも許してあげる♡ エへへ〜
[2026-01-16 13:21:58] === MUTSU Login Greeting Complete ===
[2026-01-16 13:22:03] === MUTSU Login Greeting Starting ===
[2026-01-16 13:22:03] Using cached greeting audio
[2026-01-16 13:22:03] Playing greeting: あら〜、センセイ♡ 今頃起きたの？ だらしないな〜、でも許してあげる♡ エへへ〜
[2026-01-16 13:22:12] === MUTSU Login Greeting Complete ===
[2026-01-16 13:22:17] === MUTSU Login Greeting Starting ===
[2026-01-16 13:22:17] Using cached greeting audio
[2026-01-16 13:22:17] Playing greeting: あら〜、センセイ♡ 今頃起きたの？ だらしないな〜、でも許してあげる♡ エへへ〜
[2026-01-16 13:22:25] === MUTSU Login Greeting Complete ===
[2026-01-16 13:22:30] === MUTSU Login Greeting Starting ===
[2026-01-16 13:22:31] Using cached greeting audio
[2026-01-16 13:22:31] Playing greeting: あら〜、センセイ♡ 今頃起きたの？ だらしないな〜、でも許してあげる♡ エへへ〜
[2026-01-16 13:22:41] === MUTSU Login Greeting Complete ===
[2026-01-16 13:22:47] === MUTSU Login Greeting Starting ===
[2026-01-16 13:22:47] Using cached greeting audio
[2026-01-16 13:22:47] Playing greeting: あら〜、センセイ♡ 今頃起きたの？ だらしないな〜、でも許してあげる♡ エへへ〜
[2026-01-16 13:22:55] === MUTSU Login Greeting Complete ===
[2026-01-16 13:23:00] === MUTSU Login Greeting Starting ===
[2026-01-16 13:23:00] Using cached greeting audio
[2026-01-16 13:23:00] Playing greeting: あら〜、センセイ♡ 今頃起きたの？ だらしないな〜、でも許してあげる♡ エへへ〜
[2026-01-16 13:23:08] === MUTSU Login Greeting Complete ===
[2026-01-16 13:23:13] === MUTSU Login Greeting Starting ===
[2026-01-16 13:23:13] Using cached greeting audio
[2026-01-16 13:23:13] Playing greeting: あら〜、センセイ♡ 今頃起きたの？ だらしないな〜、でも許してあげる♡ エへへ〜
[2026-01-16 13:23:21] === MUTSU Login Greeting Complete ===
[2026-01-16 13:23:26] === MUTSU Login Greeting Starting ===
[2026-01-16 13:23:26] Using cached greeting audio
[2026-01-16 13:23:26] Playing greeting: あら〜、センセイ♡ 今頃起きたの？ だらしないな〜、でも許してあげる♡ エへへ〜
[2026-01-16 13:23:34] === MUTSU Login Greeting Complete ===
[2026-01-16 13:23:40] === MUTSU Login Greeting Starting ===
[2026-01-16 13:23:40] Using cached greeting audio
[2026-01-16 13:23:40] Playing greeting: あら〜、センセイ♡ 今頃起きたの？ だらしないな〜、でも許してあげる♡ エへへ〜
[2026-01-16 13:23:47] === MUTSU Login Greeting Complete ===
[2026-01-16 13:23:52] === MUTSU Login Greeting Starting ===
[2026-01-16 13:23:52] Using cached greeting audio
[2026-01-16 13:23:52] Playing greeting: あら〜、センセイ♡ 今頃起きたの？ だらしないな〜、でも許してあげる♡ エへへ〜
[2026-01-16 13:24:00] === MUTSU Login Greeting Complete ===
[2026-01-16 13:24:05] === MUTSU Login Greeting Starting ===
[2026-01-16 13:24:06] Using cached greeting audio
[2026-01-16 13:24:06] Playing greeting: あら〜、センセイ♡ 今頃起きたの？ だらしないな〜、でも許してあげる♡ エへへ〜
[2026-01-16 13:24:13] === MUTSU Login Greeting Complete ===
[2026-01-16 13:24:18] === MUTSU Login Greeting Starting ===
[2026-01-16 13:24:19] Using cached greeting audio
[2026-01-16 13:24:19] Playing greeting: あら〜、センセイ♡ 今頃起きたの？ だらしないな〜、でも許してあげる♡ エへへ〜
[2026-01-16 13:24:27] === MUTSU Login Greeting Complete ===
[2026-01-16 13:24:32] === MUTSU Login Greeting Starting ===
[2026-01-16 13:24:32] Using cached greeting audio
[2026-01-16 13:24:32] Playing greeting: あら〜、センセイ♡ 今頃起きたの？ だらしないな〜、でも許してあげる♡ エへへ〜
[2026-01-16 13:24:40] === MUTSU Login Greeting Complete ===
[2026-01-16 13:24:45] === MUTSU Login Greeting Starting ===
[2026-01-16 13:24:45] Using cached greeting audio
[2026-01-16 13:24:45] Playing greeting: あら〜、センセイ♡ 今頃起きたの？ だらしないな〜、でも許してあげる♡ エへへ〜
[2026-01-16 13:24:53] === MUTSU Login Greeting Complete ===
[2026-01-16 13:24:58] === MUTSU Login Greeting Starting ===
[2026-01-16 13:24:58] Using cached greeting audio
[2026-01-16 13:24:58] Playing greeting: あら〜、センセイ♡ 今頃起きたの？ だらしないな〜、でも許してあげる♡ エへへ〜
[2026-01-16 13:25:06] === MUTSU Login Greeting Complete ===
